
ROM used:   5332/32768 (16%)
            5332/32768 (16%) including unused fragments

            1.6 Average locations per line
            15.3 Average locations per statement

RAM used:   115/2048 (6%) at main() level
            159/2048 (8%) worst case

Stack used: 3 worst case (3 in main + 0 for interrupts)
Stack size: 31

Lines Stmts  %   Files
----- ----- ---  -----
   16     8   2  main.c
    6     0   0  main.h
  779     0   0  C:\Program Files (x86)\PICC\Devices\18F2550.h
  255    84  24  BMP085.c
 2227   257  74  C:\Program Files (x86)\PICC\Drivers\math.h
----- -----
 3283   349 Total

Page ROM  %  RAM    Vol Diff  Functions:
---- --- --- ---    --- ----  ----------
0     38   0    1             @delay_ms1
0     72   1    3             @I2C_READ_1
0     72   1    1             @I2C_WRITE_1
0     62   1    1   1121 10.1  @PUTCHAR_1_
0     58   1    4             @SFTOI
0     54   1    2             @ITOF
0    242   2   11     43  2.1  @MULFF
0    618   6   16     44  1.9  @ADDFF
0    346   3   14   1071  8.0  @DIVFF
0     72   1    2             @SITOF
0    100   1    2    186  2.8  BMP085ReadByte
0    114   1    5    297  3.4  BMP085ReadInt
0     58   1    2    102  1.8  BMP085WriteByte
0    876   8    4   1028  3.0  bmp085Calibration
0     62   1    2    117  2.6  BMP085ReadUT
0    120   1    9    581  6.7  BMP085ReadUP
0     62   1    5    181  2.5  @FTOSD
0    278   3   12    194  4.7  BMP085GetTemp
0    908   9   24    417  5.7  BMP085GetPressure
0    128   1    5     82  2.7  BMP085Pressure
0     54   1    4    186  2.8  @DTOF
0     86   1    4     48  2.1  BMP085Temperature
0    198   2    1    165  2.5  main
0     16   0    0    136  1.7  @const837
0     30   0    3    240  3.6  @PSTRINGCN_618
0    142   1   13    194  4.7  @DIV3232
0    444   4   13    417  5.7  @PRINTF_L32D_618FPFPFR
0     18   0    0    243  2.2  @const846
 Inline         0             @cinit1

Program metrics:
    Functions               22
    Statements              349
    Comments                502
    Volume (V)              12331
    Difficulty (D)          84.2
    Effort to implement (E) 1038428
    Time to implement (T)   16 hours, 2 minutes
    Est Delivered Bugs (B)  3
    Cyclomatic Complexity   15
    Maintainability (MI)    138

 Segment     Used  Free
-----------  ----  ----
00000-00002     4  0  
00004-07FFE  5328  27436  



