
ROM used:   19068/32768 (58%)
            19068/32768 (58%) including unused fragments

            3.2 Average locations per line
            13.7 Average locations per statement

RAM used:   610/2048 (30%) at main() level
            1047/2048 (51%) worst case

Stack used: 10 worst case (10 in main + 0 for interrupts)
Stack size: 31

Lines Stmts  %   Files
----- ----- ---  -----
   21    13   1  main.c
   12     0   0  main.h
  779     0   0  C:\Program Files (x86)\PICC\Devices\18F2550.h
  138    53   4  SD.c
  941   278  20  C:\Program Files (x86)\PICC\Drivers\mmcsd_m.c
  168     0   0  C:\Program Files (x86)\PICC\Drivers\stdint.h
 3318   923  66  C:\Program Files (x86)\PICC\Drivers\fat_m.c
   28     0   0  C:\Program Files (x86)\PICC\Drivers\ctype.h
  431   129   9  C:\Program Files (x86)\PICC\Drivers\string.h
   32     0   0  C:\Program Files (x86)\PICC\Drivers\stddef.h
----- -----
 5868  1396 Total

Page ROM  %  RAM    Vol Diff  Functions:
---- --- --- ---    --- ----  ----------
0     40   0    1             @delay_ms1
0     68   0    1             @PUTCHAR_1_
0     16   0    1     31  1.1  MMCSD_SPI_XFER
0    414   1    6   2432  9.2  mmcsd_init
0    136   0   17    268  5.3  mmcsd_read_data
0    172   0   13    531  6.1  mmcsd_read_block
0    134   0   16    273  5.3  mmcsd_write_data
0    178   0   12    604  7.5  mmcsd_write_block
0     22   0    0     48  1.6  mmcsd_go_idle_state
0     26   0    0     48  1.6  mmcsd_send_op_cond
0     38   0    2     64  2.1  mmcsd_send_if_cond
0     34   0    4     53  1.7  mmcsd_set_blocklen
0     34   0    4     53  1.7  mmcsd_read_single_block
0     34   0    4     53  1.7  mmcsd_write_single_block
0     28   0    0     48  1.6  mmcsd_sd_send_op_cond
0     26   0    0     48  1.6  mmcsd_app_cmd
0     34   0    2     64  2.1  mmcsd_read_ocr
0     38   0    1     74  2.2  mmcsd_crc_on_off
0    104   0   11    734  4.8  mmcsd_send_cmd
0     46   0    2    178  4.2  mmcsd_get_r1
0     16   0    2     35  1.7  mmcsd_get_r3
0    114   0    5    210  4.3  mmcsd_get_r7
0     30   0    2     96  3.2  mmcsd_wait_for_token
0     84   0    8    585  6.7  mmcsd_crc7
0      4   0    0     17  0.8  mmcsd_select
0      4   0    0     18  0.6  mmcsd_deselect
0     42   0    0     68  2.1  mmcsd_load_buffer
0     56   0    0    106  2.6  mmcsd_flush_buffer
0    172   0    9    398  5.5  mmcsd_move_buffer
0     82   0   14    188  4.7  mmcsd_read_byte
0     78   0   12    288  3.7  mmcsd_write_byte
0    120   0    5    243  7.0  strcmp
0     68   0    4    158  5.1  strchr
0     72   0    6    219  5.8  strrchr
0     60   0    5    140  5.0  strlen
0    678   2  102   2174 12.6  fatopen
0    798   2   13   1500  8.4  fatclose
0    280   1    9    601  8.1  fatgetc
0    732   2    9   1203  9.6  fatputc
0     78   0    6    231  6.3  fatputs
0     46   0    3    159  4.5  fatprintf
0   1012   3   28   1268 11.8  fatsetpos
0    148   0   13             @DIV3232
0     92   0   14             @MUL3232
0    412   1   10    598  7.6  fatflush
0    130   0    8     86  2.7  rewind
0    382   1  136   1260  9.8  mk_file
0   1744   5   52   3322 11.5  set_file
0    382   1   20   1139  9.9  get_file_name
0    784   2   63   2519 14.2  set_file_name
0     76   0    4     53  1.7  @DIVS88
0    312   1   14    856  8.9  get_short_file_name
0   1134   3   55   3357 11.5  make_short_file_name
0     34   0    1     48  1.6  @SPRINTF
0    196   1   12     64  2.1  @PRINTF_L32U_1140
0     70   0    5    257  7.6  long_name_chksum
0    118   0    4    234  5.8  check_invalid_char
0    396   1   25    641  8.8  get_next_free_cluster
0     98   0    8    181  5.2  get_next_entry
0     98   0    8    181  5.2  get_prev_entry
0    274   1   11    524  6.6  get_next_free_entry
0    242   1   16    453  5.0  alloc_clusters
0    170   0   13    301  5.5  dealloc_clusters
0    188   0   47    428  6.6  clear_cluster
0    112   0   13    144  5.1  write_fat
0    260   1   11    474  8.8  read_buffer
0    346   1    9    404  7.5  write_buffer
0    158   0    7    646  6.5  fill_entry
0   1070   3   38   1994  8.4  fat_init
0     36   0    5    399  8.6  @MUL1616
0    134   0    7    136  4.0  get_next_cluster
0    224   1   15    289  6.3  get_prev_cluster
0    516   1   16    455  7.7  get_next_addr
0    582   2   16    430  7.7  get_prev_addr
0     94   0    8     60  2.3  cluster_to_addr
0    118   0    8     59  2.6  addr_to_cluster
0     10   0    0    250  5.1  @const1236
0     40   0    2    212  4.7  @PSTRINGR_613
0     14   0    0   1203  9.6  @const1244
0     32   0    2    376  7.3  @PSTRINGC_613
0     20   0    0    229  5.3  @const1254
0     30   0    0             @const1255
0     24   0    0    291  7.0  @const1256
0     30   0    0    598  7.6  @const1257
0     28   0    0     82  3.1  @const1258
0      8   0    0     41  2.1  @const1262
0      8   0    0     86  2.7  @const1263
0     20   0    0    105  3.8  @const1264
0     12   0    0   1179  7.3  @const1265
0     14   0    0   1260  9.8  @const1267
0     24   0    0   3322 11.5  @const1269
0     24   0    0   1139  9.9  @const1270
0     20   0    0   2519 14.2  @const1271
0    170   0    0    415  5.4  initialize
0     32   0    0   3357 11.5  @const1278
0     34   0    0             @const1279
0     30   0    0             @const1280
0     12   0    0    257  7.6  @const1281
0      8   0    0    234  5.8  @const1282
0      8   0    0             @const1283
0      8   0    0    641  8.8  @const1284
0    104   0   15    112  2.4  create_doc
0     30   0    0   1220  8.3  @const1286
0     28   0    0    320  6.7  @const1287
0      6   0    0    181  5.2  @const1289
0     24   0    0    181  5.2  @const1290
0     36   0    0    453  5.0  @const1292
0      6   0    0    428  6.6  @const1295
0     26   0    0    144  5.1  @const1296
0     90   0   19     83  2.8  open_doc
0     24   0    0    116  2.8  @const1301
0     76   0   52    185  3.8  write_docu
0     44   0    3    120  2.8  @DIV88
0    132   0    2             @PRINTF_U_1140
0     20   0    0   1994  8.4  @const1312
0     24   0    0     60  2.3  @const1325
0     36   0    7     30  1.5  enter
0     36   0    1     66  2.2  close_doc
0     20   0    0             @const1330
0    112   0   19     98  2.1  read_doc
0     30   0    0             @const1332
0      4   0    0             @const1336
0    118   0    1    195  2.2  main
 Inline         0             @cinit1

Program metrics:
    Functions               111
    Statements              1396
    Comments                2516
    Volume (V)              119742
    Difficulty (D)          640.7
    Effort to implement (E) 76722352
    Time to implement (T)   1183 hours, 59 minutes
    Est Delivered Bugs (B)  60
    Cyclomatic Complexity   318
    Maintainability (MI)    137

 Segment     Used  Free
-----------  ----  ----
00000-00002     4  0  
00004-07FFE  19064  13700  



