
ROM used:   1840/32768 (6%)
            1840/32768 (6%) including unused fragments

            1.4 Average locations per line
            22.2 Average locations per statement

RAM used:   15/2048 (1%) at main() level
            24/2048 (1%) worst case

Stack used: 3 worst case (3 in main + 0 for interrupts)
Stack size: 31

Lines Stmts  %   Files
----- ----- ---  -----
  107    20  24  main.c
    6     0   0  main.h
  779     0   0  C:\Program Files (x86)\PICC\Devices\18F2550.h
  230    63  76  C:\Program Files (x86)\PICC\Drivers\DS1307.c
  168     0   0  C:\Program Files (x86)\PICC\Drivers\stdint.h
----- -----
 1290    83 Total

Page ROM  %  RAM    Vol Diff  Functions:
---- --- --- ---    --- ----  ----------
0     38   1    1             @delay_ms1
0     72   2    3             @I2C_READ_1
0     72   2    1             @I2C_WRITE_1
0     62   2    1             @PUTCHAR_1_
0     26   1    2     75  2.8  bcd_to_decimal
0     36   1    2     78  3.1  decimal_to_bcd
0     40   1    3             @DIV88
0    482  13    6    879  4.3  RTC_Set
0    216   6    1    929  3.9  RTC_Get
0     60   2    2    106  1.6  RTC_Write_Reg
0     92   2    2    183  2.7  RTC_Read_Reg
0     22   1    1     79  2.3  OSC_Disable
0    226   6    3    154  2.2  rtc_print
0     22   1    0             @const706
0     30   1    3             @PSTRINGCN_618
0    102   3    2             @PRINTF_U_618
0     26   1    0             @const712
0    212   6    2    442  2.8  main
 Inline         0             @cinit1

Program metrics:
    Functions               9
    Statements              83
    Comments                280
    Volume (V)              4370
    Difficulty (D)          26.5
    Effort to implement (E) 115849
    Time to implement (T)   1 hours, 47 minutes
    Est Delivered Bugs (B)  1
    Cyclomatic Complexity   1
    Maintainability (MI)    138

 Segment     Used  Free
-----------  ----  ----
00000-00002     4  0  
00004-07FFE  1836  30928  



